{
  "uid" : "505d385d330fe1d5",
  "name" : "test_search_without_entering_any_product",
  "fullName" : "tests.test_Search_Product.TestSearchProduct#test_search_without_entering_any_product",
  "historyId" : "ba0f97908a41e08b28e88dbeba393400",
  "time" : {
    "start" : 1721044501979,
    "stop" : 1721044502638,
    "duration" : 659
  },
  "status" : "failed",
  "statusMessage" : "AssertionError: assert False\n +  where False = <method-wrapper '__eq__' of str object at 0x0000028157A3D0B0>('There is no product that matches the search criteria.ABC')\n +    where <method-wrapper '__eq__' of str object at 0x0000028157A3D0B0> = 'There is no product that matches the search criteria.'.__eq__\n +      where 'There is no product that matches the search criteria.' = <bound method SearchPage.retrieve_no_product_message of <pages.SearchPage.SearchPage object at 0x000002815768A570>>()\n +        where <bound method SearchPage.retrieve_no_product_message of <pages.SearchPage.SearchPage object at 0x000002815768A570>> = <pages.SearchPage.SearchPage object at 0x000002815768A570>.retrieve_no_product_message",
  "statusTrace" : "self = <tests.test_Search_Product.TestSearchProduct object at 0x0000028149021EE0>\n\n    def test_search_without_entering_any_product(self):\n        home_page = HomePage(self.driver)\n        search_page = home_page.search_a_product(\"\")\n        expected_text = \"There is no product that matches the search criteria.ABC\"\n>       assert search_page.retrieve_no_product_message().__eq__(expected_text)\nE       AssertionError: assert False\nE        +  where False = <method-wrapper '__eq__' of str object at 0x0000028157A3D0B0>('There is no product that matches the search criteria.ABC')\nE        +    where <method-wrapper '__eq__' of str object at 0x0000028157A3D0B0> = 'There is no product that matches the search criteria.'.__eq__\nE        +      where 'There is no product that matches the search criteria.' = <bound method SearchPage.retrieve_no_product_message of <pages.SearchPage.SearchPage object at 0x000002815768A570>>()\nE        +        where <bound method SearchPage.retrieve_no_product_message of <pages.SearchPage.SearchPage object at 0x000002815768A570>> = <pages.SearchPage.SearchPage object at 0x000002815768A570>.retrieve_no_product_message\n\ntests\\test_Search_Product.py:23: AssertionError",
  "flaky" : false,
  "beforeStages" : [ {
    "name" : "log_on_failure",
    "time" : {
      "start" : 1721044501977,
      "stop" : 1721044501977,
      "duration" : 0
    },
    "status" : "passed",
    "steps" : [ ],
    "attachments" : [ ],
    "parameters" : [ ],
    "stepsCount" : 0,
    "hasContent" : false,
    "attachmentsCount" : 0,
    "shouldDisplayMessage" : false
  }, {
    "name" : "setup_and_teardown",
    "time" : {
      "start" : 1721044490363,
      "stop" : 1721044501977,
      "duration" : 11614
    },
    "status" : "passed",
    "steps" : [ ],
    "attachments" : [ ],
    "parameters" : [ ],
    "stepsCount" : 0,
    "hasContent" : false,
    "attachmentsCount" : 0,
    "shouldDisplayMessage" : false
  } ],
  "afterStages" : [ {
    "name" : "log_on_failure::0",
    "time" : {
      "start" : 1721044503000,
      "stop" : 1721044503254,
      "duration" : 254
    },
    "status" : "passed",
    "steps" : [ ],
    "attachments" : [ {
      "uid" : "88b53f45a7f6412e",
      "name" : "test_search_without_entering_any_product_failed",
      "source" : "88b53f45a7f6412e.png",
      "type" : "image/png",
      "size" : 70863
    } ],
    "parameters" : [ ],
    "stepsCount" : 0,
    "hasContent" : true,
    "attachmentsCount" : 1,
    "shouldDisplayMessage" : false
  }, {
    "name" : "setup_and_teardown::0",
    "time" : {
      "start" : 1721044503254,
      "stop" : 1721044505568,
      "duration" : 2314
    },
    "status" : "passed",
    "steps" : [ ],
    "attachments" : [ ],
    "parameters" : [ ],
    "stepsCount" : 0,
    "hasContent" : false,
    "attachmentsCount" : 0,
    "shouldDisplayMessage" : false
  } ],
  "labels" : [ {
    "name" : "tag",
    "value" : "@pytest.mark.usefixtures('setup_and_teardown', 'log_on_failure')"
  }, {
    "name" : "parentSuite",
    "value" : "tests"
  }, {
    "name" : "suite",
    "value" : "test_Search_Product"
  }, {
    "name" : "subSuite",
    "value" : "TestSearchProduct"
  }, {
    "name" : "host",
    "value" : "DESKTOP-EQR9C0M"
  }, {
    "name" : "thread",
    "value" : "14032-MainThread"
  }, {
    "name" : "framework",
    "value" : "pytest"
  }, {
    "name" : "language",
    "value" : "cpython3"
  }, {
    "name" : "package",
    "value" : "tests.test_Search_Product"
  }, {
    "name" : "resultFormat",
    "value" : "allure2"
  } ],
  "parameters" : [ ],
  "links" : [ ],
  "hidden" : true,
  "retry" : true,
  "extra" : {
    "categories" : [ ],
    "tags" : [ "@pytest.mark.usefixtures('setup_and_teardown', 'log_on_failure')" ]
  },
  "source" : "505d385d330fe1d5.json",
  "parameterValues" : [ ]
}